# JRE version: OpenJDK Runtime Environment Temurin-17.0.1+12 (17.0.1+12) (build 17.0.1+12)
# Java VM: OpenJDK 64-Bit Server VM Temurin-17.0.1+12 (17.0.1+12, mixed mode, emulated-client, tiered, compressed oops, compressed class ptrs, g1 gc, windows-amd64)
GC Precious Log:
 CPUs: 4 total, 4 available
 Memory: 3938M
 Large Page Support: Disabled
 NUMA Support: Disabled
 Compressed Oops: Enabled (32-bit)
 Heap Region Size: 1M
 Heap Min Capacity: 8M
 Heap Initial Capacity: 62M
 Heap Max Capacity: 986M
 Pre-touch: Disabled
 Parallel Workers: 4
 Concurrent Workers: 1
 Concurrent Refinement Workers: 4
 Periodic GC: Disabled
Heap:
 garbage-first heap   total 78848K, used 55000K [0x00000000c2600000, 0x0000000100000000)
  region size 1024K, 34 young (34816K), 2 survivors (2048K)
 Metaspace       used 70071K, committed 70784K, reserved 1114112K
  class space    used 9161K, committed 9472K, reserved 1048576K
GC Heap History (20 events):
Event: 2583.942 GC heap before
{Heap before GC invocations=51 (full 4):
 garbage-first heap   total 86016K, used 70868K [0x00000000c2600000, 0x0000000100000000)
  region size 1024K, 48 young (49152K), 1 survivors (1024K)
 Metaspace       used 69562K, committed 70144K, reserved 1114112K
  class space    used 9034K, committed 9280K, reserved 1048576K
}
Event: 2583.965 GC heap after
{Heap after GC invocations=52 (full 4):
 garbage-first heap   total 86016K, used 22399K [0x00000000c2600000, 0x0000000100000000)
  region size 1024K, 1 young (1024K), 1 survivors (1024K)
 Metaspace       used 69562K, committed 70144K, reserved 1114112K
  class space    used 9034K, committed 9280K, reserved 1048576K
}
Event: 2721.164 GC heap before
{Heap before GC invocations=52 (full 4):
 garbage-first heap   total 86016K, used 70527K [0x00000000c2600000, 0x0000000100000000)
  region size 1024K, 49 young (50176K), 1 survivors (1024K)
 Metaspace       used 69584K, committed 70144K, reserved 1114112K
  class space    used 9038K, committed 9280K, reserved 1048576K
}
Event: 2721.190 GC heap after
{Heap after GC invocations=53 (full 4):
 garbage-first heap   total 86016K, used 24123K [0x00000000c2600000, 0x0000000100000000)
  region size 1024K, 3 young (3072K), 3 survivors (3072K)
 Metaspace       used 69584K, committed 70144K, reserved 1114112K
  class space    used 9038K, committed 9280K, reserved 1048576K
}
Event: 2722.214 GC heap before
{Heap before GC invocations=53 (full 4):
 garbage-first heap   total 86016K, used 69179K [0x00000000c2600000, 0x0000000100000000)
  region size 1024K, 48 young (49152K), 3 survivors (3072K)
 Metaspace       used 69584K, committed 70144K, reserved 1114112K
  class space    used 9038K, committed 9280K, reserved 1048576K
}
Event: 2722.233 GC heap after
{Heap after GC invocations=54 (full 4):
 garbage-first heap   total 86016K, used 23699K [0x00000000c2600000, 0x0000000100000000)
  region size 1024K, 2 young (2048K), 2 survivors (2048K)
 Metaspace       used 69584K, committed 70144K, reserved 1114112K
  class space    used 9038K, committed 9280K, reserved 1048576K
}
Event: 2726.257 GC heap before
{Heap before GC invocations=54 (full 4):
 garbage-first heap   total 86016K, used 70803K [0x00000000c2600000, 0x0000000100000000)
  region size 1024K, 48 young (49152K), 2 survivors (2048K)
 Metaspace       used 70287K, committed 70912K, reserved 1114112K
  class space    used 9168K, committed 9472K, reserved 1048576K
}
Event: 2726.283 GC heap after
{Heap after GC invocations=55 (full 4):
 garbage-first heap   total 86016K, used 26729K [0x00000000c2600000, 0x0000000100000000)
  region size 1024K, 5 young (5120K), 5 survivors (5120K)
 Metaspace       used 70287K, committed 70912K, reserved 1114112K
  class space    used 9168K, committed 9472K, reserved 1048576K
}
Event: 2875.078 GC heap before
{Heap before GC invocations=55 (full 4):
 garbage-first heap   total 86016K, used 42089K [0x00000000c2600000, 0x0000000100000000)
  region size 1024K, 21 young (21504K), 5 survivors (5120K)
 Metaspace       used 70300K, committed 70912K, reserved 1114112K
  class space    used 9170K, committed 9472K, reserved 1048576K
}
Event: 2875.878 GC heap after
{Heap after GC invocations=56 (full 5):
 garbage-first heap   total 78848K, used 21610K [0x00000000c2600000, 0x0000000100000000)
  region size 1024K, 0 young (0K), 0 survivors (0K)
 Metaspace       used 69686K, committed 70784K, reserved 1114112K
  class space    used 9112K, committed 9472K, reserved 1048576K
}
Event: 2879.193 GC heap before
{Heap before GC invocations=56 (full 5):
 garbage-first heap   total 78848K, used 62570K [0x00000000c2600000, 0x0000000100000000)
  region size 1024K, 41 young (41984K), 0 survivors (0K)
 Metaspace       used 69754K, committed 70784K, reserved 1114112K
  class space    used 9126K, committed 9472K, reserved 1048576K
}
Event: 2879.205 GC heap after
{Heap after GC invocations=57 (full 5):
 garbage-first heap   total 78848K, used 24242K [0x00000000c2600000, 0x0000000100000000)
  region size 1024K, 3 young (3072K), 3 survivors (3072K)
 Metaspace       used 69754K, committed 70784K, reserved 1114112K
  class space    used 9126K, committed 9472K, reserved 1048576K
}
Event: 2879.440 GC heap before
{Heap before GC invocations=57 (full 5):
 garbage-first heap   total 78848K, used 62130K [0x00000000c2600000, 0x0000000100000000)
  region size 1024K, 41 young (41984K), 3 survivors (3072K)
 Metaspace       used 69754K, committed 70784K, reserved 1114112K
  class space    used 9126K, committed 9472K, reserved 1048576K
}
Event: 2879.450 GC heap after
{Heap after GC invocations=58 (full 5):
 garbage-first heap   total 78848K, used 24458K [0x00000000c2600000, 0x0000000100000000)
  region size 1024K, 3 young (3072K), 3 survivors (3072K)
 Metaspace       used 69754K, committed 70784K, reserved 1114112K
  class space    used 9126K, committed 9472K, reserved 1048576K
}
Event: 3119.606 GC heap before
{Heap before GC invocations=58 (full 5):
 garbage-first heap   total 78848K, used 63370K [0x00000000c2600000, 0x0000000100000000)
  region size 1024K, 41 young (41984K), 3 survivors (3072K)
 Metaspace       used 69811K, committed 70784K, reserved 1114112K
  class space    used 9132K, committed 9472K, reserved 1048576K
}
Event: 3119.610 GC heap after
{Heap after GC invocations=59 (full 5):
 garbage-first heap   total 78848K, used 22765K [0x00000000c2600000, 0x0000000100000000)
  region size 1024K, 2 young (2048K), 2 survivors (2048K)
 Metaspace       used 69811K, committed 70784K, reserved 1114112K
  class space    used 9132K, committed 9472K, reserved 1048576K
}
Event: 3183.801 GC heap before
{Heap before GC invocations=59 (full 5):
 garbage-first heap   total 78848K, used 62701K [0x00000000c2600000, 0x0000000100000000)
  region size 1024K, 42 young (43008K), 2 survivors (2048K)
 Metaspace       used 69835K, committed 70784K, reserved 1114112K
  class space    used 9136K, committed 9472K, reserved 1048576K
}
Event: 3183.810 GC heap after
{Heap after GC invocations=60 (full 5):
 garbage-first heap   total 78848K, used 24102K [0x00000000c2600000, 0x0000000100000000)
  region size 1024K, 3 young (3072K), 3 survivors (3072K)
 Metaspace       used 69835K, committed 70784K, reserved 1114112K
  class space    used 9136K, committed 9472K, reserved 1048576K
}
Event: 3183.858 GC heap before
{Heap before GC invocations=60 (full 5):
 garbage-first heap   total 78848K, used 61990K [0x00000000c2600000, 0x0000000100000000)
  region size 1024K, 41 young (41984K), 3 survivors (3072K)
 Metaspace       used 69835K, committed 70784K, reserved 1114112K
  class space    used 9136K, committed 9472K, reserved 1048576K
}
Event: 3183.864 GC heap after
{Heap after GC invocations=61 (full 5):
 garbage-first heap   total 78848K, used 23256K [0x00000000c2600000, 0x0000000100000000)
  region size 1024K, 2 young (2048K), 2 survivors (2048K)
 Metaspace       used 69835K, committed 70784K, reserved 1114112K
  class space    used 9136K, committed 9472K, reserved 1048576K
}

